<?xml version="1.0" encoding="UTF-8"?><testrun name="PathNormalizer.reduceFilePath" project="Week6" tests="1" started="1" failures="0" errors="1" ignored="0">
  <testcase name="initializationError" classname="org.junit.runner.manipulation.Filter" time="0.001">
    <error>java.lang.Exception: No tests found matching [{ExactMatcher:fDisplayName=reduceFilePath], {ExactMatcher:fDisplayName=reduceFilePath(monday.pathnormalizer.PathNormalizer)], {LeadingIdentifierMatcher:fClassName=monday.pathnormalizer.PathNormalizer,fLeadingIdentifier=reduceFilePath]] from org.junit.internal.requests.ClassRequest@7ab2bfe1
	at org.junit.internal.requests.FilterRequest.getRunner(FilterRequest.java:40)
	at org.eclipse.jdt.internal.junit4.runner.JUnit4TestLoader.createFilteredTest(JUnit4TestLoader.java:77)
	at org.eclipse.jdt.internal.junit4.runner.JUnit4TestLoader.createTest(JUnit4TestLoader.java:68)
	at org.eclipse.jdt.internal.junit4.runner.JUnit4TestLoader.loadTests(JUnit4TestLoader.java:43)
	at org.eclipse.jdt.internal.junit.runner.RemoteTestRunner.runTests(RemoteTestRunner.java:444)
	at org.eclipse.jdt.internal.junit.runner.RemoteTestRunner.runTests(RemoteTestRunner.java:675)
	at org.eclipse.jdt.internal.junit.runner.RemoteTestRunner.run(RemoteTestRunner.java:382)
	at org.eclipse.jdt.internal.junit.runner.RemoteTestRunner.main(RemoteTestRunner.java:192)

</error>
  </testcase>
</testrun>
